2022-08-05 10:11:45,215 INFO o.a.j.u.JMeterUtils: Setting Locale to en_EN
2022-08-05 10:11:45,229 INFO o.a.j.JMeter: Loading user properties from: C:\Programmi\apache-jmeter-5.5\bin\user.properties
2022-08-05 10:11:45,230 INFO o.a.j.JMeter: Loading system properties from: C:\Programmi\apache-jmeter-5.5\bin\system.properties
2022-08-05 10:11:45,241 INFO o.a.j.JMeter: Copyright (c) 1998-2022 The Apache Software Foundation
2022-08-05 10:11:45,241 INFO o.a.j.JMeter: Version 5.5
2022-08-05 10:11:45,241 INFO o.a.j.JMeter: java.version=1.8.0_292
2022-08-05 10:11:45,241 INFO o.a.j.JMeter: java.vm.name=OpenJDK 64-Bit Server VM
2022-08-05 10:11:45,241 INFO o.a.j.JMeter: os.name=Windows 10
2022-08-05 10:11:45,241 INFO o.a.j.JMeter: os.arch=amd64
2022-08-05 10:11:45,242 INFO o.a.j.JMeter: os.version=10.0
2022-08-05 10:11:45,242 INFO o.a.j.JMeter: file.encoding=Cp1252
2022-08-05 10:11:45,242 INFO o.a.j.JMeter: java.awt.headless=null
2022-08-05 10:11:45,242 INFO o.a.j.JMeter: Max memory     =1073741824
2022-08-05 10:11:45,242 INFO o.a.j.JMeter: Available Processors =12
2022-08-05 10:11:45,250 INFO o.a.j.JMeter: Default Locale=English (EN)
2022-08-05 10:11:45,250 INFO o.a.j.JMeter: JMeter  Locale=English (EN)
2022-08-05 10:11:45,250 INFO o.a.j.JMeter: JMeterHome=C:\Programmi\apache-jmeter-5.5
2022-08-05 10:11:45,250 INFO o.a.j.JMeter: user.dir  =D:\node-prj\geoviewer2
2022-08-05 10:11:45,250 INFO o.a.j.JMeter: PWD       =D:\node-prj\geoviewer2
2022-08-05 10:11:45,252 INFO o.a.j.JMeter: IP: 10.10.51.111 Name: LD-PARODI-M FullName: LD-PARODI-M.ld.ge
2022-08-05 10:11:45,280 INFO o.a.j.JMeter: Loaded icon properties from org/apache/jmeter/images/icon.properties
2022-08-05 10:11:45,482 INFO o.a.j.JMeterGuiLauncher: Setting LAF to: com.github.weisj.darklaf.DarkLaf:com.github.weisj.darklaf.theme.DarculaTheme
2022-08-05 10:12:13,694 INFO o.a.j.g.a.t.TemplateManager: Reading templates from: C:\Programmi\apache-jmeter-5.5\bin\templates\templates.xml
